{"numFailedTestSuites":0,"numFailedTests":0,"numPassedTestSuites":6,"numPassedTests":89,"numPendingTestSuites":0,"numPendingTests":0,"numRuntimeErrorTestSuites":0,"numTodoTests":0,"numTotalTestSuites":6,"numTotalTests":89,"openHandles":[],"snapshot":{"added":0,"didUpdate":false,"failure":false,"filesAdded":0,"filesRemoved":0,"filesRemovedList":[],"filesUnmatched":0,"filesUpdated":0,"matched":0,"total":0,"unchecked":0,"uncheckedKeysByFile":[],"unmatched":0,"updated":0},"startTime":1761893927287,"success":true,"testResults":[{"assertionResults":[{"ancestorTitles":["devicesSlice","initial state"],"failureMessages":[],"fullName":"devicesSlice initial state should have correct initial state","location":null,"status":"passed","title":"should have correct initial state"},{"ancestorTitles":["devicesSlice","reducers"],"failureMessages":[],"fullName":"devicesSlice reducers should handle clearError","location":null,"status":"passed","title":"should handle clearError"},{"ancestorTitles":["devicesSlice","fetchDevices async thunk"],"failureMessages":[],"fullName":"devicesSlice fetchDevices async thunk should handle fetchDevices.pending","location":null,"status":"passed","title":"should handle fetchDevices.pending"},{"ancestorTitles":["devicesSlice","fetchDevices async thunk"],"failureMessages":[],"fullName":"devicesSlice fetchDevices async thunk should handle fetchDevices.fulfilled with devices array","location":null,"status":"passed","title":"should handle fetchDevices.fulfilled with devices array"},{"ancestorTitles":["devicesSlice","fetchDevices async thunk"],"failureMessages":[],"fullName":"devicesSlice fetchDevices async thunk should handle fetchDevices.fulfilled with pagination","location":null,"status":"passed","title":"should handle fetchDevices.fulfilled with pagination"},{"ancestorTitles":["devicesSlice","fetchDevices async thunk"],"failureMessages":[],"fullName":"devicesSlice fetchDevices async thunk should handle fetchDevices.rejected","location":null,"status":"passed","title":"should handle fetchDevices.rejected"},{"ancestorTitles":["devicesSlice","fetchDeviceStats async thunk"],"failureMessages":[],"fullName":"devicesSlice fetchDeviceStats async thunk should handle fetchDeviceStats.fulfilled","location":null,"status":"passed","title":"should handle fetchDeviceStats.fulfilled"},{"ancestorTitles":["devicesSlice","createDevice async thunk"],"failureMessages":[],"fullName":"devicesSlice createDevice async thunk should handle createDevice.fulfilled","location":null,"status":"passed","title":"should handle createDevice.fulfilled"},{"ancestorTitles":["devicesSlice","updateDevice async thunk"],"failureMessages":[],"fullName":"devicesSlice updateDevice async thunk should handle updateDevice.fulfilled","location":null,"status":"passed","title":"should handle updateDevice.fulfilled"},{"ancestorTitles":["devicesSlice","updateDevice async thunk"],"failureMessages":[],"fullName":"devicesSlice updateDevice async thunk should not change state if device not found","location":null,"status":"passed","title":"should not change state if device not found"},{"ancestorTitles":["devicesSlice","deleteDevice async thunk"],"failureMessages":[],"fullName":"devicesSlice deleteDevice async thunk should handle deleteDevice.fulfilled","location":null,"status":"passed","title":"should handle deleteDevice.fulfilled"}],"endTime":1761893928785,"message":"","name":"/home/kavia/workspace/code-generation/device-remote-management-581-703/FrontendApplicationContainer/src/store/slices/__tests__/test_devicesSlice.js","startTime":1761893928154,"status":"passed","summary":""},{"assertionResults":[{"ancestorTitles":["authSlice","initial state"],"failureMessages":[],"fullName":"authSlice initial state should have correct initial state","location":null,"status":"passed","title":"should have correct initial state"},{"ancestorTitles":["authSlice","initial state"],"failureMessages":[],"fullName":"authSlice initial state should load user from localStorage","location":null,"status":"passed","title":"should load user from localStorage"},{"ancestorTitles":["authSlice","initial state"],"failureMessages":[],"fullName":"authSlice initial state should load RBAC data from localStorage user","location":null,"status":"passed","title":"should load RBAC data from localStorage user"},{"ancestorTitles":["authSlice","reducers"],"failureMessages":[],"fullName":"authSlice reducers should handle clearError","location":null,"status":"passed","title":"should handle clearError"},{"ancestorTitles":["authSlice","reducers"],"failureMessages":[],"fullName":"authSlice reducers should handle setUser","location":null,"status":"passed","title":"should handle setUser"},{"ancestorTitles":["authSlice","reducers"],"failureMessages":[],"fullName":"authSlice reducers should handle setRoles","location":null,"status":"passed","title":"should handle setRoles"},{"ancestorTitles":["authSlice","reducers"],"failureMessages":[],"fullName":"authSlice reducers should handle setPermissions","location":null,"status":"passed","title":"should handle setPermissions"},{"ancestorTitles":["authSlice","reducers"],"failureMessages":[],"fullName":"authSlice reducers should handle setCurrentTenant","location":null,"status":"passed","title":"should handle setCurrentTenant"},{"ancestorTitles":["authSlice","loginUser async thunk"],"failureMessages":[],"fullName":"authSlice loginUser async thunk should handle loginUser.pending","location":null,"status":"passed","title":"should handle loginUser.pending"},{"ancestorTitles":["authSlice","loginUser async thunk"],"failureMessages":[],"fullName":"authSlice loginUser async thunk should handle loginUser.fulfilled","location":null,"status":"passed","title":"should handle loginUser.fulfilled"},{"ancestorTitles":["authSlice","loginUser async thunk"],"failureMessages":[],"fullName":"authSlice loginUser async thunk should handle loginUser.fulfilled with backward compatibility (no RBAC fields)","location":null,"status":"passed","title":"should handle loginUser.fulfilled with backward compatibility (no RBAC fields)"},{"ancestorTitles":["authSlice","loginUser async thunk"],"failureMessages":[],"fullName":"authSlice loginUser async thunk should handle loginUser.rejected","location":null,"status":"passed","title":"should handle loginUser.rejected"},{"ancestorTitles":["authSlice","registerUser async thunk"],"failureMessages":[],"fullName":"authSlice registerUser async thunk should handle registerUser.pending","location":null,"status":"passed","title":"should handle registerUser.pending"},{"ancestorTitles":["authSlice","registerUser async thunk"],"failureMessages":[],"fullName":"authSlice registerUser async thunk should handle registerUser.fulfilled","location":null,"status":"passed","title":"should handle registerUser.fulfilled"},{"ancestorTitles":["authSlice","registerUser async thunk"],"failureMessages":[],"fullName":"authSlice registerUser async thunk should handle registerUser.rejected","location":null,"status":"passed","title":"should handle registerUser.rejected"},{"ancestorTitles":["authSlice","logoutUser async thunk"],"failureMessages":[],"fullName":"authSlice logoutUser async thunk should handle logoutUser.fulfilled","location":null,"status":"passed","title":"should handle logoutUser.fulfilled"},{"ancestorTitles":["authSlice","fetchCurrentUser async thunk"],"failureMessages":[],"fullName":"authSlice fetchCurrentUser async thunk should handle fetchCurrentUser.pending","location":null,"status":"passed","title":"should handle fetchCurrentUser.pending"},{"ancestorTitles":["authSlice","fetchCurrentUser async thunk"],"failureMessages":[],"fullName":"authSlice fetchCurrentUser async thunk should handle fetchCurrentUser.fulfilled","location":null,"status":"passed","title":"should handle fetchCurrentUser.fulfilled"},{"ancestorTitles":["authSlice","fetchCurrentUser async thunk"],"failureMessages":[],"fullName":"authSlice fetchCurrentUser async thunk should handle fetchCurrentUser.rejected","location":null,"status":"passed","title":"should handle fetchCurrentUser.rejected"},{"ancestorTitles":["authSlice","selectors"],"failureMessages":[],"fullName":"authSlice selectors should select user","location":null,"status":"passed","title":"should select user"},{"ancestorTitles":["authSlice","selectors"],"failureMessages":[],"fullName":"authSlice selectors should select isAuthenticated","location":null,"status":"passed","title":"should select isAuthenticated"},{"ancestorTitles":["authSlice","selectors"],"failureMessages":[],"fullName":"authSlice selectors should select roles","location":null,"status":"passed","title":"should select roles"},{"ancestorTitles":["authSlice","selectors"],"failureMessages":[],"fullName":"authSlice selectors should select permissions","location":null,"status":"passed","title":"should select permissions"},{"ancestorTitles":["authSlice","selectors"],"failureMessages":[],"fullName":"authSlice selectors should select currentTenant","location":null,"status":"passed","title":"should select currentTenant"},{"ancestorTitles":["authSlice","selectors"],"failureMessages":[],"fullName":"authSlice selectors should check if user has role","location":null,"status":"passed","title":"should check if user has role"},{"ancestorTitles":["authSlice","selectors"],"failureMessages":[],"fullName":"authSlice selectors should check if user has any role","location":null,"status":"passed","title":"should check if user has any role"},{"ancestorTitles":["authSlice","selectors"],"failureMessages":[],"fullName":"authSlice selectors should check if user has all roles","location":null,"status":"passed","title":"should check if user has all roles"},{"ancestorTitles":["authSlice","selectors"],"failureMessages":[],"fullName":"authSlice selectors should check if user has permission","location":null,"status":"passed","title":"should check if user has permission"},{"ancestorTitles":["authSlice","selectors"],"failureMessages":[],"fullName":"authSlice selectors should check if user has any permission","location":null,"status":"passed","title":"should check if user has any permission"},{"ancestorTitles":["authSlice","selectors"],"failureMessages":[],"fullName":"authSlice selectors should check if user has all permissions","location":null,"status":"passed","title":"should check if user has all permissions"}],"endTime":1761893928825,"message":"","name":"/home/kavia/workspace/code-generation/device-remote-management-581-703/FrontendApplicationContainer/src/store/slices/__tests__/test_authSlice.js","startTime":1761893928112,"status":"passed","summary":""},{"assertionResults":[{"ancestorTitles":["permissions utility","hasRole"],"failureMessages":[],"fullName":"permissions utility hasRole should return true when user has the role","location":null,"status":"passed","title":"should return true when user has the role"},{"ancestorTitles":["permissions utility","hasRole"],"failureMessages":[],"fullName":"permissions utility hasRole should return false when user lacks the role","location":null,"status":"passed","title":"should return false when user lacks the role"},{"ancestorTitles":["permissions utility","hasRole"],"failureMessages":[],"fullName":"permissions utility hasRole should handle empty roles array","location":null,"status":"passed","title":"should handle empty roles array"},{"ancestorTitles":["permissions utility","hasAnyRole"],"failureMessages":[],"fullName":"permissions utility hasAnyRole should return true when user has any required role","location":null,"status":"passed","title":"should return true when user has any required role"},{"ancestorTitles":["permissions utility","hasAnyRole"],"failureMessages":[],"fullName":"permissions utility hasAnyRole should return false when user lacks all required roles","location":null,"status":"passed","title":"should return false when user lacks all required roles"},{"ancestorTitles":["permissions utility","hasAnyRole"],"failureMessages":[],"fullName":"permissions utility hasAnyRole should return true when no roles are required","location":null,"status":"passed","title":"should return true when no roles are required"},{"ancestorTitles":["permissions utility","hasAnyRole"],"failureMessages":[],"fullName":"permissions utility hasAnyRole should handle empty user roles","location":null,"status":"passed","title":"should handle empty user roles"},{"ancestorTitles":["permissions utility","hasAllRoles"],"failureMessages":[],"fullName":"permissions utility hasAllRoles should return true when user has all required roles","location":null,"status":"passed","title":"should return true when user has all required roles"},{"ancestorTitles":["permissions utility","hasAllRoles"],"failureMessages":[],"fullName":"permissions utility hasAllRoles should return false when user lacks some required roles","location":null,"status":"passed","title":"should return false when user lacks some required roles"},{"ancestorTitles":["permissions utility","hasAllRoles"],"failureMessages":[],"fullName":"permissions utility hasAllRoles should return true when no roles are required","location":null,"status":"passed","title":"should return true when no roles are required"},{"ancestorTitles":["permissions utility","hasAllRoles"],"failureMessages":[],"fullName":"permissions utility hasAllRoles should handle empty user roles","location":null,"status":"passed","title":"should handle empty user roles"},{"ancestorTitles":["permissions utility","hasPermission"],"failureMessages":[],"fullName":"permissions utility hasPermission should return true when user has the permission","location":null,"status":"passed","title":"should return true when user has the permission"},{"ancestorTitles":["permissions utility","hasPermission"],"failureMessages":[],"fullName":"permissions utility hasPermission should return false when user lacks the permission","location":null,"status":"passed","title":"should return false when user lacks the permission"},{"ancestorTitles":["permissions utility","hasPermission"],"failureMessages":[],"fullName":"permissions utility hasPermission should handle empty permissions array","location":null,"status":"passed","title":"should handle empty permissions array"},{"ancestorTitles":["permissions utility","hasAnyPermission"],"failureMessages":[],"fullName":"permissions utility hasAnyPermission should return true when user has any required permission","location":null,"status":"passed","title":"should return true when user has any required permission"},{"ancestorTitles":["permissions utility","hasAnyPermission"],"failureMessages":[],"fullName":"permissions utility hasAnyPermission should return false when user lacks all required permissions","location":null,"status":"passed","title":"should return false when user lacks all required permissions"},{"ancestorTitles":["permissions utility","hasAnyPermission"],"failureMessages":[],"fullName":"permissions utility hasAnyPermission should return true when no permissions are required","location":null,"status":"passed","title":"should return true when no permissions are required"},{"ancestorTitles":["permissions utility","hasAnyPermission"],"failureMessages":[],"fullName":"permissions utility hasAnyPermission should handle empty user permissions","location":null,"status":"passed","title":"should handle empty user permissions"},{"ancestorTitles":["permissions utility","hasAllPermissions"],"failureMessages":[],"fullName":"permissions utility hasAllPermissions should return true when user has all required permissions","location":null,"status":"passed","title":"should return true when user has all required permissions"},{"ancestorTitles":["permissions utility","hasAllPermissions"],"failureMessages":[],"fullName":"permissions utility hasAllPermissions should return false when user lacks some required permissions","location":null,"status":"passed","title":"should return false when user lacks some required permissions"},{"ancestorTitles":["permissions utility","hasAllPermissions"],"failureMessages":[],"fullName":"permissions utility hasAllPermissions should return true when no permissions are required","location":null,"status":"passed","title":"should return true when no permissions are required"},{"ancestorTitles":["permissions utility","hasAllPermissions"],"failureMessages":[],"fullName":"permissions utility hasAllPermissions should handle empty user permissions","location":null,"status":"passed","title":"should handle empty user permissions"},{"ancestorTitles":["permissions utility","constants"],"failureMessages":[],"fullName":"permissions utility constants should export PERMISSIONS constants","location":null,"status":"passed","title":"should export PERMISSIONS constants"},{"ancestorTitles":["permissions utility","constants"],"failureMessages":[],"fullName":"permissions utility constants should export ROLES constants","location":null,"status":"passed","title":"should export ROLES constants"}],"endTime":1761893928901,"message":"","name":"/home/kavia/workspace/code-generation/device-remote-management-581-703/FrontendApplicationContainer/src/utils/__tests__/test_permissions.js","startTime":1761893928276,"status":"passed","summary":""},{"assertionResults":[{"ancestorTitles":["ProtectedRoute"],"failureMessages":[],"fullName":"ProtectedRoute should render children when user is authenticated","location":null,"status":"passed","title":"should render children when user is authenticated"},{"ancestorTitles":["ProtectedRoute"],"failureMessages":[],"fullName":"ProtectedRoute should redirect to login when user is not authenticated","location":null,"status":"passed","title":"should redirect to login when user is not authenticated"},{"ancestorTitles":["ProtectedRoute"],"failureMessages":[],"fullName":"ProtectedRoute should render children when user has required role","location":null,"status":"passed","title":"should render children when user has required role"},{"ancestorTitles":["ProtectedRoute"],"failureMessages":[],"fullName":"ProtectedRoute should redirect to unauthorized when user lacks required role","location":null,"status":"passed","title":"should redirect to unauthorized when user lacks required role"},{"ancestorTitles":["ProtectedRoute"],"failureMessages":[],"fullName":"ProtectedRoute should render children when user has any of required roles","location":null,"status":"passed","title":"should render children when user has any of required roles"},{"ancestorTitles":["ProtectedRoute"],"failureMessages":[],"fullName":"ProtectedRoute should render children when user has all required roles","location":null,"status":"passed","title":"should render children when user has all required roles"},{"ancestorTitles":["ProtectedRoute"],"failureMessages":[],"fullName":"ProtectedRoute should redirect when user lacks all required roles","location":null,"status":"passed","title":"should redirect when user lacks all required roles"},{"ancestorTitles":["ProtectedRoute"],"failureMessages":[],"fullName":"ProtectedRoute should render children when user has required permission","location":null,"status":"passed","title":"should render children when user has required permission"},{"ancestorTitles":["ProtectedRoute"],"failureMessages":[],"fullName":"ProtectedRoute should redirect when user lacks required permission","location":null,"status":"passed","title":"should redirect when user lacks required permission"},{"ancestorTitles":["ProtectedRoute"],"failureMessages":[],"fullName":"ProtectedRoute should render fallback component when unauthorized","location":null,"status":"passed","title":"should render fallback component when unauthorized"},{"ancestorTitles":["ProtectedRoute"],"failureMessages":[],"fullName":"ProtectedRoute should work with backward compatibility (no RBAC fields)","location":null,"status":"passed","title":"should work with backward compatibility (no RBAC fields)"}],"endTime":1761893929288,"message":"","name":"/home/kavia/workspace/code-generation/device-remote-management-581-703/FrontendApplicationContainer/src/components/__tests__/test_ProtectedRoute.js","startTime":1761893928143,"status":"passed","summary":""},{"assertionResults":[{"ancestorTitles":["withPermission HOC"],"failureMessages":[],"fullName":"withPermission HOC should render component when user has required role","location":null,"status":"passed","title":"should render component when user has required role"},{"ancestorTitles":["withPermission HOC"],"failureMessages":[],"fullName":"withPermission HOC should not render component when user lacks required role","location":null,"status":"passed","title":"should not render component when user lacks required role"},{"ancestorTitles":["withPermission HOC"],"failureMessages":[],"fullName":"withPermission HOC should render component when user has any required role","location":null,"status":"passed","title":"should render component when user has any required role"},{"ancestorTitles":["withPermission HOC"],"failureMessages":[],"fullName":"withPermission HOC should render component when user has all required roles","location":null,"status":"passed","title":"should render component when user has all required roles"},{"ancestorTitles":["withPermission HOC"],"failureMessages":[],"fullName":"withPermission HOC should render component when user has required permission","location":null,"status":"passed","title":"should render component when user has required permission"},{"ancestorTitles":["withPermission HOC"],"failureMessages":[],"fullName":"withPermission HOC should not render component when user lacks required permission","location":null,"status":"passed","title":"should not render component when user lacks required permission"},{"ancestorTitles":["withPermission HOC"],"failureMessages":[],"fullName":"withPermission HOC should render fallback when unauthorized","location":null,"status":"passed","title":"should render fallback when unauthorized"},{"ancestorTitles":["withPermission HOC"],"failureMessages":[],"fullName":"withPermission HOC should pass props to wrapped component","location":null,"status":"passed","title":"should pass props to wrapped component"},{"ancestorTitles":["WithPermission component"],"failureMessages":[],"fullName":"WithPermission component should render children when user has required role","location":null,"status":"passed","title":"should render children when user has required role"},{"ancestorTitles":["WithPermission component"],"failureMessages":[],"fullName":"WithPermission component should not render children when user lacks required role","location":null,"status":"passed","title":"should not render children when user lacks required role"},{"ancestorTitles":["WithPermission component"],"failureMessages":[],"fullName":"WithPermission component should render children when user has required permission","location":null,"status":"passed","title":"should render children when user has required permission"},{"ancestorTitles":["WithPermission component"],"failureMessages":[],"fullName":"WithPermission component should render fallback when unauthorized","location":null,"status":"passed","title":"should render fallback when unauthorized"}],"endTime":1761893929310,"message":"","name":"/home/kavia/workspace/code-generation/device-remote-management-581-703/FrontendApplicationContainer/src/components/__tests__/test_withPermission.js","startTime":1761893928137,"status":"passed","summary":""},{"assertionResults":[{"ancestorTitles":[],"failureMessages":[],"fullName":"renders login UI with heading and Sign In button","location":null,"status":"passed","title":"renders login UI with heading and Sign In button"}],"endTime":1761893935442,"message":"","name":"/home/kavia/workspace/code-generation/device-remote-management-581-703/FrontendApplicationContainer/src/App.test.js","startTime":1761893928120,"status":"passed","summary":""}],"wasInterrupted":false}